0	T5	O	005	O	100
0	T25	135	013	O	O
0	T29	O	017	050	118
1	T1	O	017	054	121
1	T2	O	005	O	O
1	T3	O	008	027	O
1	T8	O	005	O	O
1	T9	O	005	O	O
1	T15	O	O	O	O
1	T37	090	017	O	O
1	T39	O	012	038	100
1	T42	O	012	039	O
1	T43	O	005	020	O
1	T49	O	012	038	100
1	T51	O	010	O	O
1	T54	090	017	050	O
1	T57	135	O	O	O
1	T60	O	017	050	118
2	T2	O	007	O	O
2	T5	O	006	O	O
2	T10	O	012	038	100
2	T12	O	017	050	118
2	T14	O	005	O	O
2	T16	O	005	018	050
2	T21	O	019	O	O
2	T23	023	O	O	O
2	T28	147	O	O	O
2	T31	029	O	O	O
2	T35	024	O	O	O
2	T40	135	005	O	O
2	T45	O	O	O	O
2	T50	096	005	018	O
2	T54	O	005	O	O
2	T58	119	O	O	O
2	T63	O	005	017	051
2	T69	O	019	061	140
2	T71	O	019	062	146
2	T76	147	O	O	O
2	T80	O	005	O	100
2	T82	096	005	018	O
2	T88	O	010	031	092
2	T93	O	005	017	047
2	T96	O	005	020	O
2	T101	O	012	038	100
2	T107	O	005	O	O
3	T2	O	012	031	092
3	T4	O	012	031	092
3	T10	O	005	O	O
3	T14	O	012	038	100
3	T19	O	006	O	O
3	T21	O	017	050	118
3	T24	O	010	031	092
3	T26	O	017	046	O
3	T31	O	005	O	O
3	T34	090	017	050	O
3	T36	029	O	O	O
3	T37	054	005	O	O
3	T39	O	005	O	O
3	T43	090	017	050	118
3	T45	O	015	046	057
3	T50	O	007	O	O
3	T51	043	O	O	O
3	T57	O	005	O	050
3	T60	090	017	050	118
3	T62	O	017	050	119
3	T63	O	006	020	O
3	T67	029	O	O	O
3	T71	O	015	047	109
3	T78	O	005	O	O
4	T2	O	010	031	092
4	T6	058	006	O	O
4	T11	090	017	050	118
4	T14	O	017	050	118
4	T19	O	O	O	O
4	T23	023	O	O	O
4	T27	023	O	O	O
4	T30	O	005	O	O
4	T35	O	O	O	O
4	T39	O	005	020	057
4	T46	O	010	031	092
4	T52	O	019	061	140
4	T54	O	008	027	146
4	T56	O	019	O	O
4	T61	O	006	020	057
4	T66	038	012	039	O
4	T70	O	012	039	O
4	T71	O	010	O	O
4	T75	028	O	O	O
4	T77	090	O	O	O
4	T79	O	006	O	O
4	T81	O	019	061	140
4	T83	023	O	O	O
4	T85	O	O	O	O
4	T87	O	019	O	146
4	T90	O	O	O	O
4	T92	O	O	O	O
4	T94	O	010	O	083
4	T96	O	019	061	140
4	T98	O	012	038	100
4	T100	096	005	018	O
4	T108	O	010	031	092
4	T115	O	017	050	118
4	T117	088	005	O	O
4	T120	O	014	O	O
4	T126	O	014	O	O
4	T130	104	O	O	O
4	T136	028	O	O	O
4	T138	029	014	O	O
4	T142	O	010	031	092
4	T148	O	005	O	O
4	T152	O	007	022	082
4	T156	O	010	O	O
4	T161	O	019	061	O
4	T166	O	014	O	O
4	T168	O	005	O	O
4	T172	O	007	022	082
4	T178	O	005	O	O
4	T180	O	012	038	100
4	T183	O	010	O	O
4	T184	O	010	O	O
4	T189	O	010	O	O
4	T194	O	006	020	O
4	T201	O	O	O	O
4	T206	O	006	020	O
4	T208	O	O	O	O
4	T209	O	002	007	023
4	T215	O	012	038	100
