0	1	ROOT
0	2	O
0	3	O
0	4	O
0	5	O
1	2	SubjAction
1	3	O
1	4	O
1	5	O
2	1	O
2	3	ActionObj
2	4	ActionMod
2	5	O
3	1	O
3	2	O
3	4	O
3	5	O
4	1	O
4	2	O
4	3	O
4	5	ModObj
5	1	O
5	2	O
5	3	O
5	4	O
		
0	1	ROOT
0	2	O
0	3	O
0	4	O
0	5	O
0	6	O
0	7	O
1	2	SubjAction
1	3	O
1	4	O
1	5	O
1	6	SubjAction
1	7	O
2	1	O
2	3	ActionObj
2	4	ActionMod
2	5	O
2	6	O
2	7	O
3	1	O
3	2	O
3	4	O
3	5	O
3	6	O
3	7	O
4	1	O
4	2	O
4	3	O
4	5	ModObj
4	6	O
4	7	O
5	1	O
5	2	O
5	3	O
5	4	O
5	6	O
5	7	O
6	1	O
6	2	O
6	3	O
6	4	O
6	5	O
6	7	ActionObj
7	1	O
7	2	O
7	3	O
7	4	O
7	5	O
7	6	O
		
0	1	ROOT
0	2	O
0	3	O
0	4	ROOT
0	5	O
0	6	ROOT
1	2	SubjAction
1	3	O
1	4	O
1	5	O
1	6	O
2	1	O
2	3	ActionObj
2	4	O
2	5	O
2	6	O
3	1	O
3	2	O
3	4	O
3	5	O
3	6	O
4	1	O
4	2	O
4	3	O
4	5	ActionObj
4	6	O
5	1	O
5	2	O
5	3	O
5	4	O
5	6	O
6	1	O
6	2	O
6	3	O
6	4	O
6	5	O
		
0	1	ROOT
0	2	O
0	3	O
0	4	O
0	5	O
0	6	O
0	7	O
1	2	SubjAction
1	3	O
1	4	O
1	5	O
1	6	SubjAction
1	7	O
2	1	O
2	3	ActionObj
2	4	ActionMod
2	5	O
2	6	O
2	7	O
3	1	O
3	2	O
3	4	O
3	5	O
3	6	O
3	7	O
4	1	O
4	2	O
4	3	O
4	5	ModObj
4	6	O
4	7	O
5	1	O
5	2	O
5	3	O
5	4	O
5	6	O
5	7	O
6	1	O
6	2	O
6	3	O
6	4	O
6	5	O
6	7	ActionObj
7	1	O
7	2	O
7	3	O
7	4	O
7	5	O
7	6	O
		
0	1	ROOT
0	2	O
0	3	ROOT
0	4	O
1	2	ActionObj
1	3	O
1	4	O
2	1	O
2	3	O
2	4	O
3	1	O
3	2	O
3	4	ActionObj
4	1	O
4	2	O
4	3	O
		
0	1	ROOT
0	2	O
0	3	O
0	4	O
0	5	O
1	2	SubjAction
1	3	O
1	4	O
1	5	O
2	1	O
2	3	ActionObj
2	4	ActionMod
2	5	O
3	1	O
3	2	O
3	4	O
3	5	O
4	1	O
4	2	O
4	3	O
4	5	ModObj
5	1	O
5	2	O
5	3	O
5	4	O
		
0	1	ROOT
0	2	O
0	3	O
0	4	O
0	5	O
0	6	O
0	7	ROOT
0	8	O
0	9	O
0	10	ROOT
1	2	SubjAction
1	3	O
1	4	SubjAction
1	5	O
1	6	O
1	7	O
1	8	O
1	9	O
1	10	O
2	1	O
2	3	ActionObj
2	4	O
2	5	O
2	6	O
2	7	O
2	8	O
2	9	O
2	10	O
3	1	O
3	2	O
3	4	O
3	5	O
3	6	O
3	7	O
3	8	O
3	9	O
3	10	O
4	1	O
4	2	O
4	3	O
4	5	ActionMod
4	6	O
4	7	O
4	8	O
4	9	O
4	10	O
5	1	O
5	2	O
5	3	O
5	4	O
5	6	ModObj
5	7	O
5	8	O
5	9	O
5	10	O
6	1	O
6	2	O
6	3	O
6	4	O
6	5	O
6	7	O
6	8	O
6	9	O
6	10	O
7	1	O
7	2	O
7	3	O
7	4	O
7	5	O
7	6	O
7	8	SubjAction
7	9	O
7	10	O
8	1	O
8	2	O
8	3	O
8	4	O
8	5	O
8	6	O
8	7	O
8	9	ActionObj
8	10	O
9	1	O
9	2	O
9	3	O
9	4	O
9	5	O
9	6	O
9	7	O
9	8	O
9	10	O
10	1	O
10	2	O
10	3	O
10	4	O
10	5	O
10	6	O
10	7	O
10	8	O
10	9	O
		
0	1	ROOT
0	2	O
0	3	O
1	2	SubjAction
1	3	O
2	1	O
2	3	ActionObj
3	1	O
3	2	O
		
0	1	ROOT
0	2	O
0	3	O
1	2	SubjAction
1	3	O
2	1	O
2	3	ActionObj
3	1	O
3	2	O
		
0	1	ROOT
0	2	O
0	3	O
1	2	SubjAction
1	3	O
2	1	O
2	3	ActionObj
3	1	O
3	2	O
		
0	1	ROOT
0	2	O
0	3	O
1	2	SubjAction
1	3	O
2	1	O
2	3	ActionObj
3	1	O
3	2	O
		
0	1	ROOT
0	2	O
0	3	O
0	4	O
0	5	ROOT
0	6	O
0	7	O
1	2	SubjAction
1	3	O
1	4	O
1	5	O
1	6	O
1	7	O
2	1	O
2	3	ActionMod
2	4	O
2	5	O
2	6	ActionMod
2	7	O
3	1	O
3	2	O
3	4	ModObj
3	5	O
3	6	O
3	7	O
4	1	O
4	2	O
4	3	O
4	5	O
4	6	O
4	7	O
5	1	O
5	2	O
5	3	O
5	4	O
5	6	O
5	7	O
6	1	O
6	2	O
6	3	O
6	4	O
6	5	O
6	7	ModObj
7	1	O
7	2	O
7	3	O
7	4	O
7	5	O
7	6	O
		
0	1	ROOT
0	2	O
0	3	O
0	4	O
0	5	O
1	2	SubjAction
1	3	O
1	4	SubjAction
1	5	O
2	1	O
2	3	ActionObj
2	4	O
2	5	O
3	1	O
3	2	O
3	4	O
3	5	O
4	1	O
4	2	O
4	3	O
4	5	ActionObj
5	1	O
5	2	O
5	3	O
5	4	O
		
0	1	ROOT
0	2	O
1	2	SubjAction
2	1	O
		
0	1	ROOT
0	2	O
0	3	O
0	4	O
1	2	SubjAction
1	3	O
1	4	O
2	1	O
2	3	ActionMod
2	4	O
3	1	O
3	2	O
3	4	ModObj
4	1	O
4	2	O
4	3	O
		
0	1	ROOT
0	2	O
0	3	O
0	4	O
0	5	O
1	2	SubjAction
1	3	O
1	4	O
1	5	O
2	1	O
2	3	ActionObj
2	4	ActionMod
2	5	O
3	1	O
3	2	O
3	4	O
3	5	O
4	1	O
4	2	O
4	3	O
4	5	ModObj
5	1	O
5	2	O
5	3	O
5	4	O
		
0	1	ROOT
0	2	O
0	3	O
1	2	SubjAction
1	3	O
2	1	O
2	3	ActionObj
3	1	O
3	2	O
		
0	1	ROOT
0	2	O
0	3	O
0	4	O
1	2	SubjAction
1	3	O
1	4	O
2	1	O
2	3	ActionMod
2	4	O
3	1	O
3	2	O
3	4	ModObj
4	1	O
4	2	O
4	3	O
		
0	1	ROOT
0	2	O
0	3	O
0	4	O
0	5	O
1	2	SubjAction
1	3	O
1	4	O
1	5	O
2	1	O
2	3	ActionObj
2	4	ActionMod
2	5	O
3	1	O
3	2	O
3	4	O
3	5	O
4	1	O
4	2	O
4	3	O
4	5	ModObj
5	1	O
5	2	O
5	3	O
5	4	O
		
0	1	ROOT
0	2	O
0	3	O
0	4	O
0	5	O
0	6	ROOT
0	7	O
0	8	O
0	9	O
0	10	O
0	11	O
0	12	O
0	13	O
1	2	SubjAction
1	3	O
1	4	O
1	5	O
1	6	O
1	7	O
1	8	O
1	9	O
1	10	O
1	11	O
1	12	O
1	13	O
2	1	O
2	3	ActionObj
2	4	ActionMod
2	5	O
2	6	O
2	7	O
2	8	O
2	9	O
2	10	O
2	11	O
2	12	O
2	13	O
3	1	O
3	2	O
3	4	O
3	5	O
3	6	O
3	7	O
3	8	O
3	9	O
3	10	O
3	11	O
3	12	O
3	13	O
4	1	O
4	2	O
4	3	O
4	5	ModObj
4	6	O
4	7	O
4	8	O
4	9	O
4	10	O
4	11	O
4	12	O
4	13	O
5	1	O
5	2	O
5	3	O
5	4	O
5	6	O
5	7	O
5	8	O
5	9	O
5	10	O
5	11	O
5	12	O
5	13	O
6	1	O
6	2	O
6	3	O
6	4	O
6	5	O
6	7	SubjAction
6	8	O
6	9	O
6	10	O
6	11	SubjAction
6	12	O
6	13	O
7	1	O
7	2	O
7	3	O
7	4	O
7	5	O
7	6	O
7	8	ActionObj
7	9	ActionMod
7	10	O
7	11	O
7	12	O
7	13	O
8	1	O
8	2	O
8	3	O
8	4	O
8	5	O
8	6	O
8	7	O
8	9	O
8	10	O
8	11	O
8	12	O
8	13	O
9	1	O
9	2	O
9	3	O
9	4	O
9	5	O
9	6	O
9	7	O
9	8	O
9	10	ModObj
9	11	O
9	12	O
9	13	O
10	1	O
10	2	O
10	3	O
10	4	O
10	5	O
10	6	O
10	7	O
10	8	O
10	9	O
10	11	O
10	12	O
10	13	O
11	1	O
11	2	O
11	3	O
11	4	O
11	5	O
11	6	O
11	7	O
11	8	O
11	9	O
11	10	O
11	12	ActionMod
11	13	O
12	1	O
12	2	O
12	3	O
12	4	O
12	5	O
12	6	O
12	7	O
12	8	O
12	9	O
12	10	O
12	11	O
12	13	ModObj
13	1	O
13	2	O
13	3	O
13	4	O
13	5	O
13	6	O
13	7	O
13	8	O
13	9	O
13	10	O
13	11	O
13	12	O
		
0	1	ROOT
0	2	O
0	3	O
0	4	O
0	5	O
1	2	SubjAction
1	3	O
1	4	O
1	5	O
2	1	O
2	3	ActionObj
2	4	ActionMod
2	5	O
3	1	O
3	2	O
3	4	O
3	5	O
4	1	O
4	2	O
4	3	O
4	5	ModObj
5	1	O
5	2	O
5	3	O
5	4	O
		
0	1	ROOT
0	2	O
0	3	O
0	4	O
0	5	O
1	2	SubjAction
1	3	O
1	4	O
1	5	O
2	1	O
2	3	ActionObj
2	4	ActionMod
2	5	O
3	1	O
3	2	O
3	4	O
3	5	O
4	1	O
4	2	O
4	3	O
4	5	ModObj
5	1	O
5	2	O
5	3	O
5	4	O
		
0	1	ROOT
0	2	O
0	3	O
0	4	O
0	5	O
1	2	SubjAction
1	3	O
1	4	O
1	5	O
2	1	O
2	3	ActionObj
2	4	ActionMod
2	5	O
3	1	O
3	2	O
3	4	O
3	5	O
4	1	O
4	2	O
4	3	O
4	5	ModObj
5	1	O
5	2	O
5	3	O
5	4	O
		
0	1	ROOT
0	2	O
0	3	O
0	4	O
0	5	O
0	6	O
0	7	O
1	2	SubjAction
1	3	O
1	4	SubjAction
1	5	O
1	6	O
1	7	O
2	1	O
2	3	ActionObj
2	4	O
2	5	O
2	6	O
2	7	O
3	1	O
3	2	O
3	4	O
3	5	O
3	6	O
3	7	O
4	1	O
4	2	O
4	3	O
4	5	ActionObj
4	6	ActionMod
4	7	O
5	1	O
5	2	O
5	3	O
5	4	O
5	6	O
5	7	O
6	1	O
6	2	O
6	3	O
6	4	O
6	5	O
6	7	ModObj
7	1	O
7	2	O
7	3	O
7	4	O
7	5	O
7	6	O
		
0	1	ROOT
0	2	O
0	3	ROOT
0	4	O
0	5	O
0	6	O
0	7	O
1	2	ActionObj
1	3	O
1	4	O
1	5	O
1	6	O
1	7	O
2	1	O
2	3	O
2	4	O
2	5	O
2	6	O
2	7	O
3	1	O
3	2	O
3	4	SubjAction
3	5	O
3	6	O
3	7	O
4	1	O
4	2	O
4	3	O
4	5	ActionObj
4	6	ActionMod
4	7	O
5	1	O
5	2	O
5	3	O
5	4	O
5	6	O
5	7	O
6	1	O
6	2	O
6	3	O
6	4	O
6	5	O
6	7	ModObj
7	1	O
7	2	O
7	3	O
7	4	O
7	5	O
7	6	O
		
0	1	ROOT
0	2	O
0	3	O
0	4	O
0	5	O
0	6	ROOT
0	7	O
0	8	O
0	9	O
0	10	O
1	2	SubjAction
1	3	O
1	4	O
1	5	O
1	6	O
1	7	O
1	8	O
1	9	O
1	10	O
2	1	O
2	3	ActionObj
2	4	ActionMod
2	5	O
2	6	O
2	7	O
2	8	O
2	9	O
2	10	O
3	1	O
3	2	O
3	4	O
3	5	O
3	6	O
3	7	O
3	8	O
3	9	O
3	10	O
4	1	O
4	2	O
4	3	O
4	5	ModObj
4	6	O
4	7	O
4	8	O
4	9	O
4	10	O
5	1	O
5	2	O
5	3	O
5	4	O
5	6	O
5	7	O
5	8	O
5	9	O
5	10	O
6	1	O
6	2	O
6	3	O
6	4	O
6	5	O
6	7	SubjAction
6	8	O
6	9	O
6	10	O
7	1	O
7	2	O
7	3	O
7	4	O
7	5	O
7	6	O
7	8	ActionObj
7	9	ActionMod
7	10	O
8	1	O
8	2	O
8	3	O
8	4	O
8	5	O
8	6	O
8	7	O
8	9	O
8	10	O
9	1	O
9	2	O
9	3	O
9	4	O
9	5	O
9	6	O
9	7	O
9	8	O
9	10	ModObj
10	1	O
10	2	O
10	3	O
10	4	O
10	5	O
10	6	O
10	7	O
10	8	O
10	9	O
		
0	1	ROOT
0	2	O
0	3	O
0	4	O
0	5	O
1	2	SubjAction
1	3	O
1	4	O
1	5	O
2	1	O
2	3	ActionObj
2	4	ActionMod
2	5	O
3	1	O
3	2	O
3	4	O
3	5	O
4	1	O
4	2	O
4	3	O
4	5	ModObj
5	1	O
5	2	O
5	3	O
5	4	O
		
0	1	ROOT
0	2	O
0	3	O
1	2	SubjAction
1	3	O
2	1	O
2	3	ActionObj
3	1	O
3	2	O
		
0	1	ROOT
0	2	O
0	3	O
0	4	O
1	2	SubjAction
1	3	O
1	4	O
2	1	O
2	3	ActionMod
2	4	O
3	1	O
3	2	O
3	4	ModObj
4	1	O
4	2	O
4	3	O
		
0	1	ROOT
0	2	O
0	3	O
0	4	O
0	5	O
0	6	O
0	7	O
1	2	SubjAction
1	3	O
1	4	O
1	5	O
1	6	O
1	7	O
2	1	O
2	3	ActionObj
2	4	ActionMod
2	5	O
2	6	ActionMod
2	7	O
3	1	O
3	2	O
3	4	O
3	5	O
3	6	O
3	7	O
4	1	O
4	2	O
4	3	O
4	5	ModObj
4	6	O
4	7	O
5	1	O
5	2	O
5	3	O
5	4	O
5	6	O
5	7	O
6	1	O
6	2	O
6	3	O
6	4	O
6	5	O
6	7	ModObj
7	1	O
7	2	O
7	3	O
7	4	O
7	5	O
7	6	O
		
0	1	ROOT
0	2	O
0	3	O
1	2	SubjAction
1	3	O
2	1	O
2	3	ActionObj
3	1	O
3	2	O
		
0	1	ROOT
0	2	O
0	3	O
0	4	O
0	5	O
1	2	SubjAction
1	3	O
1	4	O
1	5	O
2	1	O
2	3	ActionObj
2	4	ActionMod
2	5	O
3	1	O
3	2	O
3	4	O
3	5	O
4	1	O
4	2	O
4	3	O
4	5	ModObj
5	1	O
5	2	O
5	3	O
5	4	O
		
0	1	ROOT
0	2	O
0	3	O
0	4	O
0	5	O
1	2	SubjAction
1	3	O
1	4	O
1	5	O
2	1	O
2	3	ActionObj
2	4	ActionMod
2	5	O
3	1	O
3	2	O
3	4	O
3	5	O
4	1	O
4	2	O
4	3	O
4	5	ModObj
5	1	O
5	2	O
5	3	O
5	4	O
		
0	1	ROOT
0	2	O
0	3	O
0	4	O
0	5	O
1	2	SubjAction
1	3	O
1	4	O
1	5	O
2	1	O
2	3	ActionObj
2	4	ActionMod
2	5	O
3	1	O
3	2	O
3	4	O
3	5	O
4	1	O
4	2	O
4	3	O
4	5	ModObj
5	1	O
5	2	O
5	3	O
5	4	O
		
0	1	ROOT
0	2	O
0	3	ROOT
0	4	O
1	2	ActionObj
1	3	O
1	4	O
2	1	O
2	3	O
2	4	O
3	1	O
3	2	O
3	4	ActionObj
4	1	O
4	2	O
4	3	O
		
0	1	ROOT
0	2	O
0	3	O
1	2	SubjAction
1	3	O
2	1	O
2	3	ActionObj
3	1	O
3	2	O
		
0	1	ROOT
0	2	O
0	3	O
0	4	O
1	2	ActionObj
1	3	ActionMod
1	4	O
2	1	O
2	3	O
2	4	O
3	1	O
3	2	O
3	4	ModObj
4	1	O
4	2	O
4	3	O
		
0	1	ROOT
0	2	O
0	3	O
0	4	O
0	5	O
0	6	O
0	7	O
1	2	SubjAction
1	3	O
1	4	O
1	5	SubjAction
1	6	SubjAction
1	7	O
2	1	O
2	3	ActionMod
2	4	O
2	5	O
2	6	O
2	7	O
3	1	O
3	2	O
3	4	ModObj
3	5	O
3	6	O
3	7	O
4	1	O
4	2	O
4	3	O
4	5	O
4	6	O
4	7	O
5	1	O
5	2	O
5	3	O
5	4	O
5	6	O
5	7	O
6	1	O
6	2	O
6	3	O
6	4	O
6	5	O
6	7	ActionObj
7	1	O
7	2	O
7	3	O
7	4	O
7	5	O
7	6	O
		
0	1	ROOT
0	2	O
0	3	ROOT
0	4	O
0	5	O
0	6	O
0	7	O
1	2	SubjAction
1	3	O
1	4	O
1	5	O
1	6	SubjAction
1	7	O
2	1	O
2	3	O
2	4	O
2	5	O
2	6	O
2	7	O
3	1	O
3	2	O
3	4	ActionMod
3	5	O
3	6	O
3	7	O
4	1	O
4	2	O
4	3	O
4	5	ModObj
4	6	O
4	7	O
5	1	O
5	2	O
5	3	O
5	4	O
5	6	O
5	7	O
6	1	O
6	2	O
6	3	O
6	4	O
6	5	O
6	7	ActionObj
7	1	O
7	2	O
7	3	O
7	4	O
7	5	O
7	6	O
		
0	1	ROOT
0	2	O
0	3	O
0	4	O
0	5	O
1	2	SubjAction
1	3	O
1	4	O
1	5	O
2	1	O
2	3	ActionObj
2	4	ActionMod
2	5	O
3	1	O
3	2	O
3	4	O
3	5	O
4	1	O
4	2	O
4	3	O
4	5	ModObj
5	1	O
5	2	O
5	3	O
5	4	O
		
0	1	ROOT
0	2	O
0	3	O
0	4	O
0	5	O
0	6	O
0	7	O
0	8	ROOT
0	9	O
0	10	O
0	11	O
1	2	SubjAction
1	3	SubjAction
1	4	O
1	5	O
1	6	O
1	7	O
1	8	O
1	9	O
1	10	O
1	11	O
2	1	O
2	3	O
2	4	O
2	5	O
2	6	O
2	7	O
2	8	O
2	9	O
2	10	O
2	11	O
3	1	O
3	2	O
3	4	ActionMod
3	5	O
3	6	ActionMod
3	7	O
3	8	O
3	9	O
3	10	O
3	11	O
4	1	O
4	2	O
4	3	O
4	5	ModObj
4	6	O
4	7	O
4	8	O
4	9	O
4	10	O
4	11	O
5	1	O
5	2	O
5	3	O
5	4	O
5	6	O
5	7	O
5	8	O
5	9	O
5	10	O
5	11	O
6	1	O
6	2	O
6	3	O
6	4	O
6	5	O
6	7	ModObj
6	8	O
6	9	O
6	10	O
6	11	O
7	1	O
7	2	O
7	3	O
7	4	O
7	5	O
7	6	O
7	8	O
7	9	O
7	10	O
7	11	O
8	1	O
8	2	O
8	3	O
8	4	O
8	5	O
8	6	O
8	7	O
8	9	SubjAction
8	10	O
8	11	O
9	1	O
9	2	O
9	3	O
9	4	O
9	5	O
9	6	O
9	7	O
9	8	O
9	10	ActionMod
9	11	O
10	1	O
10	2	O
10	3	O
10	4	O
10	5	O
10	6	O
10	7	O
10	8	O
10	9	O
10	11	ModObj
11	1	O
11	2	O
11	3	O
11	4	O
11	5	O
11	6	O
11	7	O
11	8	O
11	9	O
11	10	O
		
0	1	ROOT
0	2	O
0	3	O
0	4	O
0	5	O
0	6	O
1	2	SubjAction
1	3	SubjAction
1	4	O
1	5	SubjAction
1	6	O
2	1	O
2	3	O
2	4	O
2	5	O
2	6	O
3	1	O
3	2	O
3	4	ActionObj
3	5	O
3	6	O
4	1	O
4	2	O
4	3	O
4	5	O
4	6	O
5	1	O
5	2	O
5	3	O
5	4	O
5	6	ActionObj
6	1	O
6	2	O
6	3	O
6	4	O
6	5	O
		
0	1	ROOT
0	2	O
0	3	O
0	4	O
0	5	O
1	2	SubjAction
1	3	O
1	4	O
1	5	O
2	1	O
2	3	ActionObj
2	4	ActionMod
2	5	O
3	1	O
3	2	O
3	4	O
3	5	O
4	1	O
4	2	O
4	3	O
4	5	ModObj
5	1	O
5	2	O
5	3	O
5	4	O
		
0	1	ROOT
0	2	O
0	3	O
0	4	O
0	5	O
0	6	O
1	2	SubjAction
1	3	O
1	4	O
1	5	O
1	6	O
2	1	O
2	3	ActionMod
2	4	O
2	5	ActionMod
2	6	O
3	1	O
3	2	O
3	4	ModObj
3	5	O
3	6	O
4	1	O
4	2	O
4	3	O
4	5	O
4	6	O
5	1	O
5	2	O
5	3	O
5	4	O
5	6	ModObj
6	1	O
6	2	O
6	3	O
6	4	O
6	5	O
		
0	1	ROOT
0	2	ROOT
0	3	O
0	4	O
1	2	O
1	3	O
1	4	O
2	1	O
2	3	ActionMod
2	4	O
3	1	O
3	2	O
3	4	ModObj
4	1	O
4	2	O
4	3	O
		
0	1	ROOT
0	2	O
0	3	O
0	4	O
1	2	SubjAction
1	3	O
1	4	O
2	1	O
2	3	ActionMod
2	4	O
3	1	O
3	2	O
3	4	ModObj
4	1	O
4	2	O
4	3	O
		
0	1	ROOT
0	2	O
0	3	O
0	4	O
0	5	O
1	2	SubjAction
1	3	O
1	4	O
1	5	O
2	1	O
2	3	ActionObj
2	4	ActionMod
2	5	O
3	1	O
3	2	O
3	4	O
3	5	O
4	1	O
4	2	O
4	3	O
4	5	ModObj
5	1	O
5	2	O
5	3	O
5	4	O
		
0	1	ROOT
0	2	O
0	3	O
0	4	O
0	5	O
0	6	O
0	7	O
1	2	SubjAction
1	3	O
1	4	SubjAction
1	5	O
1	6	O
1	7	O
2	1	O
2	3	ActionObj
2	4	O
2	5	O
2	6	O
2	7	O
3	1	O
3	2	O
3	4	O
3	5	O
3	6	O
3	7	O
4	1	O
4	2	O
4	3	O
4	5	ActionObj
4	6	ActionMod
4	7	O
5	1	O
5	2	O
5	3	O
5	4	O
5	6	O
5	7	O
6	1	O
6	2	O
6	3	O
6	4	O
6	5	O
6	7	ModObj
7	1	O
7	2	O
7	3	O
7	4	O
7	5	O
7	6	O
		
0	1	ROOT
0	2	O
0	3	O
0	4	O
0	5	O
0	6	O
0	7	O
0	8	O
0	9	O
0	10	O
0	11	O
0	12	O
1	2	SubjAction
1	3	O
1	4	O
1	5	O
1	6	SubjAction
1	7	O
1	8	O
1	9	O
1	10	SubjAction
1	11	O
1	12	O
2	1	O
2	3	ActionObj
2	4	ActionMod
2	5	O
2	6	O
2	7	O
2	8	O
2	9	O
2	10	O
2	11	O
2	12	O
3	1	O
3	2	O
3	4	O
3	5	O
3	6	O
3	7	O
3	8	O
3	9	O
3	10	O
3	11	O
3	12	O
4	1	O
4	2	O
4	3	O
4	5	ModObj
4	6	O
4	7	O
4	8	O
4	9	O
4	10	O
4	11	O
4	12	O
5	1	O
5	2	O
5	3	O
5	4	O
5	6	O
5	7	O
5	8	O
5	9	O
5	10	O
5	11	O
5	12	O
6	1	O
6	2	O
6	3	O
6	4	O
6	5	O
6	7	ActionObj
6	8	ActionMod
6	9	O
6	10	O
6	11	O
6	12	O
7	1	O
7	2	O
7	3	O
7	4	O
7	5	O
7	6	O
7	8	O
7	9	O
7	10	O
7	11	O
7	12	O
8	1	O
8	2	O
8	3	O
8	4	O
8	5	O
8	6	O
8	7	O
8	9	ModObj
8	10	O
8	11	O
8	12	O
9	1	O
9	2	O
9	3	O
9	4	O
9	5	O
9	6	O
9	7	O
9	8	O
9	10	O
9	11	O
9	12	O
10	1	O
10	2	O
10	3	O
10	4	O
10	5	O
10	6	O
10	7	O
10	8	O
10	9	O
10	11	ActionMod
10	12	O
11	1	O
11	2	O
11	3	O
11	4	O
11	5	O
11	6	O
11	7	O
11	8	O
11	9	O
11	10	O
11	12	ModObj
12	1	O
12	2	O
12	3	O
12	4	O
12	5	O
12	6	O
12	7	O
12	8	O
12	9	O
12	10	O
12	11	O
		
0	1	ROOT
0	2	O
0	3	O
0	4	O
1	2	SubjAction
1	3	O
1	4	O
2	1	O
2	3	ActionMod
2	4	O
3	1	O
3	2	O
3	4	ModObj
4	1	O
4	2	O
4	3	O
		
0	1	ROOT
0	2	O
0	3	O
0	4	O
0	5	O
0	6	O
0	7	O
0	8	O
0	9	O
0	10	O
0	11	O
1	2	SubjAction
1	3	O
1	4	O
1	5	O
1	6	SubjAction
1	7	O
1	8	O
1	9	O
1	10	O
1	11	O
2	1	O
2	3	ActionObj
2	4	ActionMod
2	5	O
2	6	O
2	7	O
2	8	O
2	9	O
2	10	O
2	11	O
3	1	O
3	2	O
3	4	O
3	5	O
3	6	O
3	7	O
3	8	O
3	9	O
3	10	O
3	11	O
4	1	O
4	2	O
4	3	O
4	5	ModObj
4	6	O
4	7	O
4	8	O
4	9	O
4	10	O
4	11	O
5	1	O
5	2	O
5	3	O
5	4	O
5	6	O
5	7	O
5	8	O
5	9	O
5	10	O
5	11	O
6	1	O
6	2	O
6	3	O
6	4	O
6	5	O
6	7	ActionObj
6	8	ActionMod
6	9	O
6	10	ActionMod
6	11	O
7	1	O
7	2	O
7	3	O
7	4	O
7	5	O
7	6	O
7	8	O
7	9	O
7	10	O
7	11	O
8	1	O
8	2	O
8	3	O
8	4	O
8	5	O
8	6	O
8	7	O
8	9	ModObj
8	10	O
8	11	O
9	1	O
9	2	O
9	3	O
9	4	O
9	5	O
9	6	O
9	7	O
9	8	O
9	10	O
9	11	O
10	1	O
10	2	O
10	3	O
10	4	O
10	5	O
10	6	O
10	7	O
10	8	O
10	9	O
10	11	ModObj
11	1	O
11	2	O
11	3	O
11	4	O
11	5	O
11	6	O
11	7	O
11	8	O
11	9	O
11	10	O
		
0	1	ROOT
0	2	O
0	3	O
0	4	O
0	5	O
0	6	O
0	7	O
1	2	SubjAction
1	3	O
1	4	O
1	5	O
1	6	O
1	7	O
2	1	O
2	3	ActionObj
2	4	ActionMod
2	5	O
2	6	ActionMod
2	7	O
3	1	O
3	2	O
3	4	O
3	5	O
3	6	O
3	7	O
4	1	O
4	2	O
4	3	O
4	5	ModObj
4	6	O
4	7	O
5	1	O
5	2	O
5	3	O
5	4	O
5	6	O
5	7	O
6	1	O
6	2	O
6	3	O
6	4	O
6	5	O
6	7	ModObj
7	1	O
7	2	O
7	3	O
7	4	O
7	5	O
7	6	O
		
0	1	ROOT
0	2	O
0	3	O
0	4	ROOT
0	5	ROOT
0	6	O
0	7	O
0	8	O
0	9	O
0	10	O
0	11	O
1	2	SubjAction
1	3	O
1	4	O
1	5	O
1	6	O
1	7	O
1	8	O
1	9	O
1	10	O
1	11	O
2	1	O
2	3	ActionObj
2	4	O
2	5	O
2	6	ActionMod
2	7	O
2	8	O
2	9	O
2	10	O
2	11	O
3	1	O
3	2	O
3	4	O
3	5	O
3	6	O
3	7	O
3	8	O
3	9	O
3	10	O
3	11	O
4	1	O
4	2	O
4	3	O
4	5	O
4	6	O
4	7	O
4	8	O
4	9	O
4	10	O
4	11	O
5	1	O
5	2	O
5	3	O
5	4	O
5	6	O
5	7	O
5	8	SubjAction
5	9	O
5	10	O
5	11	O
6	1	O
6	2	O
6	3	O
6	4	O
6	5	O
6	7	ModObj
6	8	O
6	9	O
6	10	O
6	11	O
7	1	O
7	2	O
7	3	O
7	4	O
7	5	O
7	6	O
7	8	O
7	9	O
7	10	O
7	11	O
8	1	O
8	2	O
8	3	O
8	4	O
8	5	O
8	6	O
8	7	O
8	9	ActionObj
8	10	ActionMod
8	11	O
9	1	O
9	2	O
9	3	O
9	4	O
9	5	O
9	6	O
9	7	O
9	8	O
9	10	O
9	11	O
10	1	O
10	2	O
10	3	O
10	4	O
10	5	O
10	6	O
10	7	O
10	8	O
10	9	O
10	11	ModObj
11	1	O
11	2	O
11	3	O
11	4	O
11	5	O
11	6	O
11	7	O
11	8	O
11	9	O
11	10	O
		
0	1	ROOT
0	2	O
0	3	O
0	4	O
0	5	ROOT
0	6	ROOT
1	2	SubjAction
1	3	SubjAction
1	4	O
1	5	O
1	6	O
2	1	O
2	3	O
2	4	O
2	5	O
2	6	O
3	1	O
3	2	O
3	4	ActionObj
3	5	O
3	6	O
4	1	O
4	2	O
4	3	O
4	5	O
4	6	O
5	1	O
5	2	O
5	3	O
5	4	O
5	6	O
6	1	O
6	2	O
6	3	O
6	4	O
6	5	O
		
0	1	ROOT
0	2	O
0	3	O
0	4	O
0	5	ROOT
0	6	O
0	7	ROOT
0	8	O
0	9	ROOT
0	10	O
1	2	ActionObj
1	3	ActionMod
1	4	O
1	5	O
1	6	O
1	7	O
1	8	O
1	9	O
1	10	O
2	1	O
2	3	O
2	4	O
2	5	O
2	6	O
2	7	O
2	8	O
2	9	O
2	10	O
3	1	O
3	2	O
3	4	ModObj
3	5	O
3	6	O
3	7	O
3	8	O
3	9	O
3	10	O
4	1	O
4	2	O
4	3	O
4	5	O
4	6	O
4	7	O
4	8	O
4	9	O
4	10	O
5	1	O
5	2	O
5	3	O
5	4	O
5	6	ActionObj
5	7	O
5	8	O
5	9	O
5	10	O
6	1	O
6	2	O
6	3	O
6	4	O
6	5	O
6	7	O
6	8	O
6	9	O
6	10	O
7	1	O
7	2	O
7	3	O
7	4	O
7	5	O
7	6	O
7	8	ActionObj
7	9	O
7	10	O
8	1	O
8	2	O
8	3	O
8	4	O
8	5	O
8	6	O
8	7	O
8	9	O
8	10	O
9	1	O
9	2	O
9	3	O
9	4	O
9	5	O
9	6	O
9	7	O
9	8	O
9	10	ActionObj
10	1	O
10	2	O
10	3	O
10	4	O
10	5	O
10	6	O
10	7	O
10	8	O
10	9	O
		
0	1	ROOT
0	2	O
0	3	O
0	4	O
0	5	O
0	6	O
0	7	O
0	8	O
0	9	ROOT
0	10	O
0	11	O
0	12	O
0	13	O
0	14	ROOT
0	15	O
0	16	O
0	17	O
1	2	SubjAction
1	3	O
1	4	SubjAction
1	5	SubjAction
1	6	O
1	7	SubjAction
1	8	O
1	9	O
1	10	O
1	11	O
1	12	O
1	13	O
1	14	O
1	15	O
1	16	O
1	17	O
2	1	O
2	3	ActionObj
2	4	O
2	5	O
2	6	O
2	7	O
2	8	O
2	9	O
2	10	O
2	11	O
2	12	O
2	13	O
2	14	O
2	15	O
2	16	O
2	17	O
3	1	O
3	2	O
3	4	O
3	5	O
3	6	O
3	7	O
3	8	O
3	9	O
3	10	O
3	11	O
3	12	O
3	13	O
3	14	O
3	15	O
3	16	O
3	17	O
4	1	O
4	2	O
4	3	O
4	5	O
4	6	O
4	7	O
4	8	O
4	9	O
4	10	O
4	11	O
4	12	O
4	13	O
4	14	O
4	15	O
4	16	O
4	17	O
5	1	O
5	2	O
5	3	O
5	4	O
5	6	ActionObj
5	7	O
5	8	O
5	9	O
5	10	O
5	11	O
5	12	O
5	13	O
5	14	O
5	15	O
5	16	O
5	17	O
6	1	O
6	2	O
6	3	O
6	4	O
6	5	O
6	7	O
6	8	O
6	9	O
6	10	O
6	11	O
6	12	O
6	13	O
6	14	O
6	15	O
6	16	O
6	17	O
7	1	O
7	2	O
7	3	O
7	4	O
7	5	O
7	6	O
7	8	ActionObj
7	9	O
7	10	O
7	11	O
7	12	O
7	13	O
7	14	O
7	15	O
7	16	O
7	17	O
8	1	O
8	2	O
8	3	O
8	4	O
8	5	O
8	6	O
8	7	O
8	9	O
8	10	O
8	11	O
8	12	O
8	13	O
8	14	O
8	15	O
8	16	O
8	17	O
9	1	O
9	2	O
9	3	O
9	4	O
9	5	O
9	6	O
9	7	O
9	8	O
9	10	SubjAction
9	11	O
9	12	SubjAction
9	13	O
9	14	O
9	15	O
9	16	SubjAction
9	17	O
10	1	O
10	2	O
10	3	O
10	4	O
10	5	O
10	6	O
10	7	O
10	8	O
10	9	O
10	11	ActionObj
10	12	O
10	13	O
10	14	O
10	15	O
10	16	O
10	17	O
11	1	O
11	2	O
11	3	O
11	4	O
11	5	O
11	6	O
11	7	O
11	8	O
11	9	O
11	10	O
11	12	O
11	13	O
11	14	O
11	15	O
11	16	O
11	17	O
12	1	O
12	2	O
12	3	O
12	4	O
12	5	O
12	6	O
12	7	O
12	8	O
12	9	O
12	10	O
12	11	O
12	13	ActionObj
12	14	O
12	15	O
12	16	O
12	17	O
13	1	O
13	2	O
13	3	O
13	4	O
13	5	O
13	6	O
13	7	O
13	8	O
13	9	O
13	10	O
13	11	O
13	12	O
13	14	O
13	15	O
13	16	O
13	17	O
14	1	O
14	2	O
14	3	O
14	4	O
14	5	O
14	6	O
14	7	O
14	8	O
14	9	O
14	10	O
14	11	O
14	12	O
14	13	O
14	15	ActionObj
14	16	O
14	17	O
15	1	O
15	2	O
15	3	O
15	4	O
15	5	O
15	6	O
15	7	O
15	8	O
15	9	O
15	10	O
15	11	O
15	12	O
15	13	O
15	14	O
15	16	O
15	17	O
16	1	O
16	2	O
16	3	O
16	4	O
16	5	O
16	6	O
16	7	O
16	8	O
16	9	O
16	10	O
16	11	O
16	12	O
16	13	O
16	14	O
16	15	O
16	17	ActionObj
17	1	O
17	2	O
17	3	O
17	4	O
17	5	O
17	6	O
17	7	O
17	8	O
17	9	O
17	10	O
17	11	O
17	12	O
17	13	O
17	14	O
17	15	O
17	16	O
		
0	1	ROOT
0	2	O
0	3	O
0	4	O
0	5	O
0	6	O
0	7	O
0	8	O
0	9	O
0	10	O
1	2	SubjAction
1	3	SubjAction
1	4	O
1	5	O
1	6	O
1	7	O
1	8	O
1	9	O
1	10	O
2	1	O
2	3	O
2	4	O
2	5	O
2	6	O
2	7	O
2	8	O
2	9	O
2	10	O
3	1	O
3	2	O
3	4	ActionObj
3	5	ActionMod
3	6	O
3	7	ActionMod
3	8	O
3	9	ActionMod
3	10	O
4	1	O
4	2	O
4	3	O
4	5	O
4	6	O
4	7	O
4	8	O
4	9	O
4	10	O
5	1	O
5	2	O
5	3	O
5	4	O
5	6	ModObj
5	7	O
5	8	O
5	9	O
5	10	O
6	1	O
6	2	O
6	3	O
6	4	O
6	5	O
6	7	O
6	8	O
6	9	O
6	10	O
7	1	O
7	2	O
7	3	O
7	4	O
7	5	O
7	6	O
7	8	ModObj
7	9	O
7	10	O
8	1	O
8	2	O
8	3	O
8	4	O
8	5	O
8	6	O
8	7	O
8	9	O
8	10	O
9	1	O
9	2	O
9	3	O
9	4	O
9	5	O
9	6	O
9	7	O
9	8	O
9	10	ModObj
10	1	O
10	2	O
10	3	O
10	4	O
10	5	O
10	6	O
10	7	O
10	8	O
10	9	O
		
0	1	ROOT
0	2	O
0	3	O
0	4	O
0	5	O
0	6	O
1	2	SubjAction
1	3	O
1	4	O
1	5	O
1	6	O
2	1	O
2	3	ActionMod
2	4	O
2	5	ActionMod
2	6	O
3	1	O
3	2	O
3	4	ModObj
3	5	O
3	6	O
4	1	O
4	2	O
4	3	O
4	5	O
4	6	O
5	1	O
5	2	O
5	3	O
5	4	O
5	6	ModObj
6	1	O
6	2	O
6	3	O
6	4	O
6	5	O
		
0	1	ROOT
0	2	O
1	2	SubjAction
2	1	O
		
0	1	ROOT
0	2	O
0	3	O
0	4	O
1	2	SubjAction
1	3	O
1	4	O
2	1	O
2	3	ActionMod
2	4	O
3	1	O
3	2	O
3	4	ModObj
4	1	O
4	2	O
4	3	O
		
0	1	ROOT
0	2	O
0	3	O
0	4	O
0	5	O
1	2	SubjAction
1	3	O
1	4	O
1	5	O
2	1	O
2	3	ActionObj
2	4	ActionMod
2	5	O
3	1	O
3	2	O
3	4	O
3	5	O
4	1	O
4	2	O
4	3	O
4	5	ModObj
5	1	O
5	2	O
5	3	O
5	4	O
		
0	1	ROOT
0	2	O
0	3	O
0	4	O
0	5	O
0	6	O
0	7	O
0	8	O
0	9	O
0	10	O
0	11	O
1	2	SubjAction
1	3	O
1	4	O
1	5	O
1	6	SubjAction
1	7	O
1	8	O
1	9	O
1	10	O
1	11	O
2	1	O
2	3	ActionObj
2	4	ActionMod
2	5	O
2	6	O
2	7	O
2	8	O
2	9	O
2	10	O
2	11	O
3	1	O
3	2	O
3	4	O
3	5	O
3	6	O
3	7	O
3	8	O
3	9	O
3	10	O
3	11	O
4	1	O
4	2	O
4	3	O
4	5	ModObj
4	6	O
4	7	O
4	8	O
4	9	O
4	10	O
4	11	O
5	1	O
5	2	O
5	3	O
5	4	O
5	6	O
5	7	O
5	8	O
5	9	O
5	10	O
5	11	O
6	1	O
6	2	O
6	3	O
6	4	O
6	5	O
6	7	ActionObj
6	8	ActionMod
6	9	O
6	10	ActionMod
6	11	O
7	1	O
7	2	O
7	3	O
7	4	O
7	5	O
7	6	O
7	8	O
7	9	O
7	10	O
7	11	O
8	1	O
8	2	O
8	3	O
8	4	O
8	5	O
8	6	O
8	7	O
8	9	ModObj
8	10	O
8	11	O
9	1	O
9	2	O
9	3	O
9	4	O
9	5	O
9	6	O
9	7	O
9	8	O
9	10	O
9	11	O
10	1	O
10	2	O
10	3	O
10	4	O
10	5	O
10	6	O
10	7	O
10	8	O
10	9	O
10	11	ModObj
11	1	O
11	2	O
11	3	O
11	4	O
11	5	O
11	6	O
11	7	O
11	8	O
11	9	O
11	10	O
		
0	1	ROOT
0	2	O
0	3	O
0	4	O
1	2	SubjAction
1	3	O
1	4	O
2	1	O
2	3	ActionMod
2	4	O
3	1	O
3	2	O
3	4	ModObj
4	1	O
4	2	O
4	3	O
		
0	1	ROOT
0	2	O
1	2	SubjAction
2	1	O
		
0	1	ROOT
0	2	ROOT
0	3	O
0	4	O
0	5	O
1	2	O
1	3	O
1	4	O
1	5	O
2	1	O
2	3	SubjAction
2	4	O
2	5	O
3	1	O
3	2	O
3	4	ActionMod
3	5	O
4	1	O
4	2	O
4	3	O
4	5	ModObj
5	1	O
5	2	O
5	3	O
5	4	O
		
0	1	ROOT
0	2	O
0	3	O
0	4	O
1	2	SubjAction
1	3	O
1	4	O
2	1	O
2	3	ActionMod
2	4	O
3	1	O
3	2	O
3	4	ModObj
4	1	O
4	2	O
4	3	O
		
0	1	ROOT
0	2	O
0	3	O
0	4	O
0	5	O
0	6	O
0	7	O
0	8	O
0	9	O
1	2	SubjAction
1	3	O
1	4	O
1	5	O
1	6	SubjAction
1	7	O
1	8	O
1	9	O
2	1	O
2	3	ActionObj
2	4	ActionMod
2	5	O
2	6	O
2	7	O
2	8	O
2	9	O
3	1	O
3	2	O
3	4	O
3	5	O
3	6	O
3	7	O
3	8	O
3	9	O
4	1	O
4	2	O
4	3	O
4	5	ModObj
4	6	O
4	7	O
4	8	O
4	9	O
5	1	O
5	2	O
5	3	O
5	4	O
5	6	O
5	7	O
5	8	O
5	9	O
6	1	O
6	2	O
6	3	O
6	4	O
6	5	O
6	7	ActionObj
6	8	ActionMod
6	9	O
7	1	O
7	2	O
7	3	O
7	4	O
7	5	O
7	6	O
7	8	O
7	9	O
8	1	O
8	2	O
8	3	O
8	4	O
8	5	O
8	6	O
8	7	O
8	9	ModObj
9	1	O
9	2	O
9	3	O
9	4	O
9	5	O
9	6	O
9	7	O
9	8	O
		
0	1	ROOT
0	2	O
0	3	O
0	4	O
0	5	O
1	2	SubjAction
1	3	O
1	4	O
1	5	O
2	1	O
2	3	ActionObj
2	4	ActionMod
2	5	O
3	1	O
3	2	O
3	4	O
3	5	O
4	1	O
4	2	O
4	3	O
4	5	ModObj
5	1	O
5	2	O
5	3	O
5	4	O
		
0	1	ROOT
0	2	O
0	3	O
1	2	SubjAction
1	3	O
2	1	O
2	3	ActionObj
3	1	O
3	2	O
		
0	1	ROOT
0	2	O
0	3	O
0	4	O
1	2	SubjAction
1	3	O
1	4	O
2	1	O
2	3	ActionMod
2	4	O
3	1	O
3	2	O
3	4	ModObj
4	1	O
4	2	O
4	3	O
		
0	1	ROOT
0	2	O
0	3	O
0	4	O
0	5	O
1	2	SubjAction
1	3	O
1	4	O
1	5	O
2	1	O
2	3	ActionObj
2	4	ActionMod
2	5	O
3	1	O
3	2	O
3	4	O
3	5	O
4	1	O
4	2	O
4	3	O
4	5	ModObj
5	1	O
5	2	O
5	3	O
5	4	O
		
0	1	ROOT
0	2	ROOT
0	3	O
1	2	O
1	3	O
2	1	O
2	3	ActionObj
3	1	O
3	2	O
		
0	1	ROOT
0	2	O
0	3	O
1	2	ActionMod
1	3	O
2	1	O
2	3	ModObj
3	1	O
3	2	O
		
0	1	ROOT
0	2	O
0	3	ROOT
0	4	O
0	5	O
1	2	SubjAction
1	3	O
1	4	O
1	5	O
2	1	O
2	3	O
2	4	O
2	5	O
3	1	O
3	2	O
3	4	ActionMod
3	5	O
4	1	O
4	2	O
4	3	O
4	5	ModObj
5	1	O
5	2	O
5	3	O
5	4	O
		
0	1	ROOT
0	2	O
0	3	O
0	4	O
0	5	O
1	2	SubjAction
1	3	O
1	4	O
1	5	O
2	1	O
2	3	ActionObj
2	4	ActionMod
2	5	O
3	1	O
3	2	O
3	4	O
3	5	O
4	1	O
4	2	O
4	3	O
4	5	ModObj
5	1	O
5	2	O
5	3	O
5	4	O
		
0	1	ROOT
0	2	O
0	3	O
0	4	O
0	5	O
0	6	O
0	7	O
1	2	SubjAction
1	3	O
1	4	O
1	5	O
1	6	O
1	7	O
2	1	O
2	3	ActionObj
2	4	ActionMod
2	5	O
2	6	ActionMod
2	7	O
3	1	O
3	2	O
3	4	O
3	5	O
3	6	O
3	7	O
4	1	O
4	2	O
4	3	O
4	5	ModObj
4	6	O
4	7	O
5	1	O
5	2	O
5	3	O
5	4	O
5	6	O
5	7	O
6	1	O
6	2	O
6	3	O
6	4	O
6	5	O
6	7	ModObj
7	1	O
7	2	O
7	3	O
7	4	O
7	5	O
7	6	O
		
0	1	ROOT
0	2	O
0	3	O
0	4	O
0	5	O
0	6	ROOT
0	7	O
0	8	O
0	9	O
1	2	SubjAction
1	3	O
1	4	O
1	5	O
1	6	O
1	7	O
1	8	O
1	9	O
2	1	O
2	3	ActionObj
2	4	ActionMod
2	5	O
2	6	O
2	7	O
2	8	O
2	9	O
3	1	O
3	2	O
3	4	O
3	5	O
3	6	O
3	7	O
3	8	O
3	9	O
4	1	O
4	2	O
4	3	O
4	5	ModObj
4	6	O
4	7	O
4	8	O
4	9	O
5	1	O
5	2	O
5	3	O
5	4	O
5	6	O
5	7	O
5	8	O
5	9	O
6	1	O
6	2	O
6	3	O
6	4	O
6	5	O
6	7	SubjAction
6	8	SubjAction
6	9	O
7	1	O
7	2	O
7	3	O
7	4	O
7	5	O
7	6	O
7	8	O
7	9	O
8	1	O
8	2	O
8	3	O
8	4	O
8	5	O
8	6	O
8	7	O
8	9	ActionObj
9	1	O
9	2	O
9	3	O
9	4	O
9	5	O
9	6	O
9	7	O
9	8	O
		
0	1	ROOT
0	2	O
0	3	O
0	4	O
0	5	O
1	2	SubjAction
1	3	O
1	4	O
1	5	O
2	1	O
2	3	ActionObj
2	4	ActionMod
2	5	O
3	1	O
3	2	O
3	4	O
3	5	O
4	1	O
4	2	O
4	3	O
4	5	ModObj
5	1	O
5	2	O
5	3	O
5	4	O
		
0	1	ROOT
0	2	O
0	3	O
1	2	SubjAction
1	3	O
2	1	O
2	3	ActionObj
3	1	O
3	2	O
		
